<?xml version="1.0" encoding="UTF-8"?>
<testng-results ignored="0" total="1" passed="1" failed="0" skipped="0">
  <reporter-output>
  </reporter-output>
  <suite started-at="2024-11-14T13:26:28 IST" name="Default suite" finished-at="2024-11-14T13:26:52 IST" duration-ms="23379">
    <groups>
    </groups>
    <test started-at="2024-11-14T13:26:28 IST" name="Default test" finished-at="2024-11-14T13:26:52 IST" duration-ms="23379">
      <class name="learningSelenium.FacebookLogin">
        <test-method is-config="true" signature="setup()[pri:0, instance:learningSelenium.FacebookLogin@62150f9e]" started-at="2024-11-14T13:26:28 IST" name="setup" finished-at="2024-11-14T13:26:30 IST" duration-ms="1783" status="PASS">
          <reporter-output>
          </reporter-output>
        </test-method> <!-- setup -->
        <test-method signature="login()[pri:0, instance:learningSelenium.FacebookLogin@62150f9e]" started-at="2024-11-14T13:26:30 IST" name="login" finished-at="2024-11-14T13:26:50 IST" duration-ms="19666" status="PASS">
          <reporter-output>
          </reporter-output>
        </test-method> <!-- login -->
        <test-method is-config="true" signature="teardown()[pri:0, instance:learningSelenium.FacebookLogin@62150f9e]" started-at="2024-11-14T13:26:50 IST" name="teardown" finished-at="2024-11-14T13:26:52 IST" duration-ms="1878" status="PASS">
          <reporter-output>
          </reporter-output>
        </test-method> <!-- teardown -->
      </class> <!-- learningSelenium.FacebookLogin -->
    </test> <!-- Default test -->
  </suite> <!-- Default suite -->
</testng-results>
