<?xml version="1.0" encoding="UTF-8"?>
<testng-results ignored="0" total="1" passed="1" failed="0" skipped="0">
  <reporter-output>
  </reporter-output>
  <suite started-at="2024-10-23T04:26:20 IST" name="Default suite" finished-at="2024-10-23T04:26:24 IST" duration-ms="4381">
    <groups>
    </groups>
    <test started-at="2024-10-23T04:26:20 IST" name="Default test" finished-at="2024-10-23T04:26:24 IST" duration-ms="4381">
      <class name="learningSelenium.Learn">
        <test-method signature="InitializeBrowser()[pri:0, instance:learningSelenium.Learn@35ef1869]" started-at="2024-10-23T04:26:20 IST" name="InitializeBrowser" finished-at="2024-10-23T04:26:24 IST" duration-ms="4315" status="PASS">
          <reporter-output>
          </reporter-output>
        </test-method> <!-- InitializeBrowser -->
      </class> <!-- learningSelenium.Learn -->
    </test> <!-- Default test -->
  </suite> <!-- Default suite -->
</testng-results>
